C:\Program Files\Microsoft Visual Studio\2022\Community\MSBuild\Microsoft\VC\v170\Microsoft.CppBuild.targets(531,5): warning MSB8028: The intermediate directory (x64\Release\) contains files shared from another project (operator.vcxproj).  This can lead to incorrect clean and rebuild behavior.
  main.cpp
D:\Repos\gamehacking\memorylibrary\memory-driver\memory\memory.h(20,9): warning C4005: '_is_invalid': macro redefinition
  memory.cpp
  (compiling source file 'main.cpp')
      D:\Repos\gamehacking\memorylibrary\memory-driver\memory\memory.h(19,9):
      see previous definition of '_is_invalid'
  
D:\Repos\gamehacking\memorylibrary\memory-driver\memory\memory.h(20,9): warning C4005: '_is_invalid': macro redefinition
  (compiling source file 'memory.cpp')
      D:\Repos\gamehacking\memorylibrary\memory-driver\memory\memory.h(19,9):
      see previous definition of '_is_invalid'
  
D:\Repos\gamehacking\memorylibrary\memory-driver\memory\memory.cpp(95,81): warning C4267: 'argument': conversion from 'size_t' to 'ULONG', possible loss of data
  Generating code
  0 of 676 functions ( 0.0%) were compiled, the rest were copied from previous compilation.
    0 functions were new in current compilation
    0 functions had inline decision re-evaluated but remain unchanged
  Finished generating code
  memory.vcxproj -> D:\Repos\gamehacking\memorylibrary\memory-driver\x64\Release\memory.exe
  'pwsh.exe' is not recognized as an internal or external command,
  operable program or batch file.
